<?xml version="1.0" encoding="UTF-8"?>
<!-- Generated by org.testng.reporters.JUnitXMLReporter -->
<testsuite ignored="0" hostname="DESKTOP-HO50JG0" failures="1" tests="1" name="Test" time="0.298" errors="0" timestamp="2025-04-23T15:22:08 IST">
  <testcase classname="testBase.BaseClass" name="@BeforeClass setup" time="0.012">
    <failure type="java.io.FileNotFoundException" message=".\src\test\resorces\config.properties (The system cannot find the path specified)">
      <![CDATA[java.io.FileNotFoundException: .\src\test\resorces\config.properties (The system cannot find the path specified)
at java.base/java.io.FileInputStream.open0(Native Method)
at java.base/java.io.FileInputStream.open(FileInputStream.java:219)
at java.base/java.io.FileInputStream.<init>(FileInputStream.java:159)
at java.base/java.io.FileInputStream.<init>(FileInputStream.java:112)
at java.base/java.io.FileReader.<init>(FileReader.java:60)
at testBase.BaseClass.setup(BaseClass.java:37)
at java.base/java.util.ArrayList.forEach(ArrayList.java:1597)
... Removed 27 stack frames]]>
    </failure>
  </testcase> <!-- @BeforeClass setup -->
  <testcase classname="testBase.BaseClass" name="@AfterClass tearDown" time="0.0">
    <skipped/>
  </testcase> <!-- @AfterClass tearDown -->
  <testcase classname="testCases.TC003_LoginDDT" name="verify_loginDDT" time="0.0">
    <failure type="org.testng.TestNGException" message="
Method public void testCases.TC003_LoginDDT.verify_loginDDT(java.lang.String,java.lang.String,java.lang.String) requires a @DataProvider named : LoginData in class utilities.DataProviders">
      <![CDATA[org.testng.TestNGException: 
Method public void testCases.TC003_LoginDDT.verify_loginDDT(java.lang.String,java.lang.String,java.lang.String) requires a @DataProvider named : LoginData in class utilities.DataProviders
at java.base/java.util.ArrayList.forEach(ArrayList.java:1597)
... Removed 28 stack frames]]>
    </failure>
  </testcase> <!-- verify_loginDDT -->
</testsuite> <!-- Test -->
